<?xml version="1.0" encoding="UTF-8"?>
<!-- Generated by org.testng.reporters.JUnitReportReporter -->
<testsuite hostname="DESKTOP-4LFDKLF" failures="0" tests="5" name="Urbanladder_Bookshelves" time="19.196" errors="0" timestamp="2020-11-20T17:14:10 IST" skipped="1">
  <testcase classname="Urbanladder_Bookshelves" name="operationSearch" time="8.928"/>
  <system-out/>
  <testcase classname="Urbanladder_Bookshelves" name="operationCategory" time="2.575"/>
  <system-out/>
  <testcase classname="Urbanladder_Bookshelves" name="operationPrice" time="2.500"/>
  <system-out/>
  <testcase classname="Urbanladder_Bookshelves" name="closePopUp" time="5.193"/>
  <system-out/>
  <testcase classname="Urbanladder_Bookshelves" name="operationStorage">
    <skipped/>
  </testcase> <!-- operationStorage -->
  <system-out/>
</testsuite> <!-- Urbanladder_Bookshelves -->
