<?xml version="1.0" encoding="UTF-8"?>
<!-- Generated by org.testng.reporters.JUnitReportReporter -->
<testsuite hostname="DESKTOP-4LFDKLF" failures="0" tests="5" name="Urbanladder_Bookshelves" time="17.926" errors="0" timestamp="2020-11-20T11:24:39 IST" skipped="1">
  <testcase classname="Urbanladder_Bookshelves" name="operationSearch" time="7.942"/>
  <system-out/>
  <testcase classname="Urbanladder_Bookshelves" name="operationCategory" time="2.136"/>
  <system-out/>
  <testcase classname="Urbanladder_Bookshelves" name="operationPrice" time="2.468"/>
  <system-out/>
  <testcase classname="Urbanladder_Bookshelves" name="closePopUp" time="5.380"/>
  <system-out/>
  <testcase classname="Urbanladder_Bookshelves" name="operationStorage">
    <skipped/>
  </testcase> <!-- operationStorage -->
  <system-out/>
</testsuite> <!-- Urbanladder_Bookshelves -->
